e:\projects\luabinder\x64\debug\vc143.pdb
e:\projects\luabinder\x64\debug\vc143.idb
e:\projects\luabinder\x64\debug\time.obj
e:\projects\luabinder\x64\debug\string.obj
e:\projects\luabinder\x64\debug\demangle.obj
e:\projects\luabinder\x64\debug\resourcemanager.obj
e:\projects\luabinder\x64\debug\luavaluecasts.obj
e:\projects\luabinder\x64\debug\luaobject.obj
e:\projects\luabinder\x64\debug\luainterface.obj
e:\projects\luabinder\x64\debug\luaexception.obj
e:\projects\luabinder\x64\debug\interface.obj
e:\projects\luabinder\x64\debug\luabinder.ilk
e:\projects\luabinder\x64\debug\luabinder.exe
e:\projects\luabinder\x64\debug\luabinder.pdb
e:\projects\luabinder\x64\debug\lua51.dll
e:\projects\luabinder\x64\debug\luabinder.tlog\cl.command.1.tlog
e:\projects\luabinder\x64\debug\luabinder.tlog\cl.items.tlog
e:\projects\luabinder\x64\debug\luabinder.tlog\cl.read.1.tlog
e:\projects\luabinder\x64\debug\luabinder.tlog\cl.write.1.tlog
e:\projects\luabinder\x64\debug\luabinder.tlog\link.command.1.tlog
e:\projects\luabinder\x64\debug\luabinder.tlog\link.read.1.tlog
e:\projects\luabinder\x64\debug\luabinder.tlog\link.write.1.tlog
e:\projects\luabinder\x64\debug\luabinder.tlog\luabinder.write.1u.tlog
